<?xml version="1.0" encoding="UTF-8"?>
<!-- Generated by org.testng.reporters.JUnitXMLReporter -->
<testsuite ignored="0" hostname="ITEM-S109235" failures="1" tests="3" name="Default test" time="70.629" errors="0" timestamp="2025-12-25T20:02:02 IST">
  <testcase classname="org.tests.LoginTest2" name="loginPassTest" time="10.005"/>
  <testcase classname="org.tests.LoginTest2" name="loginSkipTest" time="0.008">
    <skipped/>
  </testcase> <!-- loginSkipTest -->
  <testcase classname="org.tests.LoginTest2" name="loginFailTest" time="38.103">
    <failure type="com.microsoft.playwright.TimeoutError" message="Error {
  message=&amp;apos;Timeout 30000ms exceeded.
  name=&amp;apos;TimeoutError
  stack=&amp;apos;TimeoutError: Timeout 30000ms exceeded.
    at ProgressController.run (C:\Users\ABHIJE~1\AppData\Local\Temp\playwright-java-17996491571934883182\package\lib\server\progress.js:68:28)
    at FrameDispatcher._runCommand (C:\Users\ABHIJE~1\AppData\Local\Temp\playwright-java-17996491571934883182\package\lib\server\dispatchers\dispatcher.js:95:31)
    at DispatcherConnection.dispatch (C:\Users\ABHIJE~1\AppData\Local\Temp\playwright-java-17996491571934883182\package\lib\server\dispatchers\dispatcher.js:329:39)
}
Call log:
-   - waiting for locator(&amp;quot;//span[normalize-space()=&amp;apos;Leave&amp;apos;]&amp;quot;)
">
      <![CDATA[com.microsoft.playwright.TimeoutError: Error {
  message='Timeout 30000ms exceeded.
  name='TimeoutError
  stack='TimeoutError: Timeout 30000ms exceeded.
    at ProgressController.run (C:\Users\ABHIJE~1\AppData\Local\Temp\playwright-java-17996491571934883182\package\lib\server\progress.js:68:28)
    at FrameDispatcher._runCommand (C:\Users\ABHIJE~1\AppData\Local\Temp\playwright-java-17996491571934883182\package\lib\server\dispatchers\dispatcher.js:95:31)
    at DispatcherConnection.dispatch (C:\Users\ABHIJE~1\AppData\Local\Temp\playwright-java-17996491571934883182\package\lib\server\dispatchers\dispatcher.js:329:39)
}
Call log:
-   - waiting for locator("//span[normalize-space()='Leave']")

at com.microsoft.playwright.impl.WaitableResult.get(WaitableResult.java:52)
at com.microsoft.playwright.impl.ChannelOwner.runUntil(ChannelOwner.java:138)
at com.microsoft.playwright.impl.Connection.sendMessage(Connection.java:131)
at com.microsoft.playwright.impl.ChannelOwner.sendMessage(ChannelOwner.java:124)
at com.microsoft.playwright.impl.FrameImpl.clickImpl(FrameImpl.java:241)
at com.microsoft.playwright.impl.PageImpl.click(PageImpl.java:692)
at com.microsoft.playwright.Page.click(Page.java:3931)
at org.pages.HomePage.clickLeaveLink(HomePage.java:19)
at org.tests.LoginTest2.loginFailTest(LoginTest2.java:37)
at java.base/jdk.internal.reflect.DirectMethodHandleAccessor.invoke(DirectMethodHandleAccessor.java:104)
at java.base/java.lang.reflect.Method.invoke(Method.java:578)
at org.testng.internal.invokers.MethodInvocationHelper.invokeMethod(MethodInvocationHelper.java:141)
at org.testng.internal.invokers.TestInvoker.invokeMethod(TestInvoker.java:687)
at org.testng.internal.invokers.TestInvoker.invokeTestMethod(TestInvoker.java:230)
at org.testng.internal.invokers.MethodRunner.runInSequence(MethodRunner.java:63)
at org.testng.internal.invokers.TestInvoker$MethodInvocationAgent.invoke(TestInvoker.java:995)
at org.testng.internal.invokers.TestInvoker.invokeTestMethods(TestInvoker.java:203)
at org.testng.internal.invokers.TestMethodWorker.invokeTestMethods(TestMethodWorker.java:154)
at org.testng.internal.invokers.TestMethodWorker.run(TestMethodWorker.java:134)
at java.base/java.util.ArrayList.forEach(ArrayList.java:1511)
at org.testng.TestRunner.privateRun(TestRunner.java:741)
at org.testng.TestRunner.run(TestRunner.java:616)
at org.testng.SuiteRunner.runTest(SuiteRunner.java:421)
at org.testng.SuiteRunner.runSequentially(SuiteRunner.java:413)
at org.testng.SuiteRunner.privateRun(SuiteRunner.java:373)
at org.testng.SuiteRunner.run(SuiteRunner.java:312)
at org.testng.SuiteRunnerWorker.runSuite(SuiteRunnerWorker.java:52)
at org.testng.SuiteRunnerWorker.run(SuiteRunnerWorker.java:95)
at org.testng.TestNG.runSuitesSequentially(TestNG.java:1274)
at org.testng.TestNG.runSuitesLocally(TestNG.java:1208)
at org.testng.TestNG.runSuites(TestNG.java:1112)
at org.testng.TestNG.run(TestNG.java:1079)
at org.testng.remote.AbstractRemoteTestNG.run(AbstractRemoteTestNG.java:115)
at org.testng.remote.RemoteTestNG.initAndRun(RemoteTestNG.java:293)
at org.testng.remote.RemoteTestNG.main(RemoteTestNG.java:91)
Caused by: com.microsoft.playwright.TimeoutError: Error {
  message='Timeout 30000ms exceeded.
  name='TimeoutError
  stack='TimeoutError: Timeout 30000ms exceeded.
    at ProgressController.run (C:\Users\ABHIJE~1\AppData\Local\Temp\playwright-java-17996491571934883182\package\lib\server\progress.js:68:28)
    at FrameDispatcher._runCommand (C:\Users\ABHIJE~1\AppData\Local\Temp\playwright-java-17996491571934883182\package\lib\server\dispatchers\dispatcher.js:95:31)
    at DispatcherConnection.dispatch (C:\Users\ABHIJE~1\AppData\Local\Temp\playwright-java-17996491571934883182\package\lib\server\dispatchers\dispatcher.js:329:39)
}
Call log:
-   - waiting for locator("//span[normalize-space()='Leave']")

at com.microsoft.playwright.impl.Connection.dispatch(Connection.java:257)
at com.microsoft.playwright.impl.Connection.processOneMessage(Connection.java:214)
at com.microsoft.playwright.impl.ChannelOwner.runUntil(ChannelOwner.java:136)
... 33 more
]]>
    </failure>
  </testcase> <!-- loginFailTest -->
</testsuite> <!-- Default test -->
