<?xml version="1.0" encoding="UTF-8"?>
<!-- Generated by org.testng.reporters.JUnitXMLReporter -->
<testsuite ignored="0" hostname="ITEM-S109235" failures="1" tests="3" name="Basic Test Execution" time="79.15" errors="0" timestamp="2025-12-24T14:09:07 IST">
  <testcase classname="org.tests.LoginTest2" name="loginPassTest1" time="15.816"/>
  <testcase classname="org.tests.LoginTest2" name="loginSkipTest" time="0.003">
    <skipped/>
  </testcase> <!-- loginSkipTest -->
  <testcase classname="org.tests.LoginTest2" name="loginFailTest" time="35.962">
    <failure type="com.microsoft.playwright.TimeoutError" message="Error {
  message=&amp;apos;Timeout 30000ms exceeded.
  name=&amp;apos;TimeoutError
  stack=&amp;apos;TimeoutError: Timeout 30000ms exceeded.
    at ProgressController.run (C:\Users\ABHIJE~1\AppData\Local\Temp\playwright-java-6659735940297101305\package\lib\server\progress.js:68:28)
    at FrameDispatcher._runCommand (C:\Users\ABHIJE~1\AppData\Local\Temp\playwright-java-6659735940297101305\package\lib\server\dispatchers\dispatcher.js:95:31)
    at DispatcherConnection.dispatch (C:\Users\ABHIJE~1\AppData\Local\Temp\playwright-java-6659735940297101305\package\lib\server\dispatchers\dispatcher.js:329:39)
}
Call log:
-   - waiting for locator(&amp;quot;//span[normalize-space()=&amp;apos;Leave&amp;apos;]&amp;quot;)
">
      <![CDATA[com.microsoft.playwright.TimeoutError: Error {
  message='Timeout 30000ms exceeded.
  name='TimeoutError
  stack='TimeoutError: Timeout 30000ms exceeded.
    at ProgressController.run (C:\Users\ABHIJE~1\AppData\Local\Temp\playwright-java-6659735940297101305\package\lib\server\progress.js:68:28)
    at FrameDispatcher._runCommand (C:\Users\ABHIJE~1\AppData\Local\Temp\playwright-java-6659735940297101305\package\lib\server\dispatchers\dispatcher.js:95:31)
    at DispatcherConnection.dispatch (C:\Users\ABHIJE~1\AppData\Local\Temp\playwright-java-6659735940297101305\package\lib\server\dispatchers\dispatcher.js:329:39)
}
Call log:
-   - waiting for locator("//span[normalize-space()='Leave']")

at com.microsoft.playwright.impl.WaitableResult.get(WaitableResult.java:52)
at com.microsoft.playwright.impl.ChannelOwner.runUntil(ChannelOwner.java:138)
at com.microsoft.playwright.impl.Connection.sendMessage(Connection.java:131)
at com.microsoft.playwright.impl.ChannelOwner.sendMessage(ChannelOwner.java:124)
at com.microsoft.playwright.impl.FrameImpl.clickImpl(FrameImpl.java:241)
at com.microsoft.playwright.impl.PageImpl.click(PageImpl.java:692)
at com.microsoft.playwright.Page.click(Page.java:3931)
at org.pages.HomePage.clickLeaveLink(HomePage.java:19)
at org.tests.LoginTest2.loginFailTest(LoginTest2.java:38)
at java.base/java.util.ArrayList.forEach(ArrayList.java:1511)
Caused by: com.microsoft.playwright.TimeoutError: Error {
  message='Timeout 30000ms exceeded.
  name='TimeoutError
  stack='TimeoutError: Timeout 30000ms exceeded.
    at ProgressController.run (C:\Users\ABHIJE~1\AppData\Local\Temp\playwright-java-6659735940297101305\package\lib\server\progress.js:68:28)
    at FrameDispatcher._runCommand (C:\Users\ABHIJE~1\AppData\Local\Temp\playwright-java-6659735940297101305\package\lib\server\dispatchers\dispatcher.js:95:31)
    at DispatcherConnection.dispatch (C:\Users\ABHIJE~1\AppData\Local\Temp\playwright-java-6659735940297101305\package\lib\server\dispatchers\dispatcher.js:329:39)
}
Call log:
-   - waiting for locator("//span[normalize-space()='Leave']")

at com.microsoft.playwright.impl.Connection.dispatch(Connection.java:257)
at com.microsoft.playwright.impl.Connection.processOneMessage(Connection.java:214)
at com.microsoft.playwright.impl.ChannelOwner.runUntil(ChannelOwner.java:136)
... 33 more
... Removed 25 stack frames]]>
    </failure>
  </testcase> <!-- loginFailTest -->
</testsuite> <!-- Basic Test Execution -->
