<?xml version="1.0" encoding="UTF-8"?>
<testng-results ignored="0" total="2" passed="2" failed="0" skipped="0">
  <reporter-output>
  </reporter-output>
  <suite started-at="2025-12-26T13:37:21 IST" name="Surefire suite" finished-at="2025-12-26T13:38:14 IST" duration-ms="53033">
    <groups>
    </groups>
    <test started-at="2025-12-26T13:37:21 IST" name="Surefire test" finished-at="2025-12-26T13:38:14 IST" duration-ms="53033">
      <class name="org.tests.FirstTest">
        <test-method is-config="true" signature="setUp(java.lang.reflect.Method)[pri:0, instance:org.tests.FirstTest@12e61fe6]" started-at="2025-12-26T13:37:21 IST" name="setUp" finished-at="2025-12-26T13:37:52 IST" duration-ms="31005" status="PASS">
          <params>
            <param index="0">
              <value>
                <![CDATA[public void org.tests.FirstTest.verifyTitle()]]>
              </value>
            </param>
          </params>
          <reporter-output>
          </reporter-output>
        </test-method> <!-- setUp -->
        <test-method signature="verifyTitle()[pri:0, instance:org.tests.FirstTest@12e61fe6]" started-at="2025-12-26T13:37:52 IST" name="verifyTitle" finished-at="2025-12-26T13:37:55 IST" duration-ms="3070" status="PASS">
          <reporter-output>
          </reporter-output>
        </test-method> <!-- verifyTitle -->
        <test-method is-config="true" signature="tearDown(org.testng.ITestResult)[pri:0, instance:org.tests.FirstTest@12e61fe6]" started-at="2025-12-26T13:37:55 IST" name="tearDown" finished-at="2025-12-26T13:37:56 IST" duration-ms="1226" status="PASS">
          <params>
            <param index="0">
              <value>
                <![CDATA[[TestResult name=verifyTitle status=SUCCESS method=FirstTest.verifyTitle()[pri:0, instance:org.tests.FirstTest@12e61fe6] output={null}]]]>
              </value>
            </param>
          </params>
          <reporter-output>
          </reporter-output>
        </test-method> <!-- tearDown -->
      </class> <!-- org.tests.FirstTest -->
      <class name="org.tests.LoginTest">
        <test-method is-config="true" signature="setUp(java.lang.reflect.Method)[pri:0, instance:org.tests.LoginTest@7ee955a8]" started-at="2025-12-26T13:37:56 IST" name="setUp" finished-at="2025-12-26T13:37:59 IST" duration-ms="2801" status="PASS">
          <params>
            <param index="0">
              <value>
                <![CDATA[public void org.tests.LoginTest.test()]]>
              </value>
            </param>
          </params>
          <reporter-output>
          </reporter-output>
        </test-method> <!-- setUp -->
        <test-method signature="test()[pri:0, instance:org.tests.LoginTest@7ee955a8]" started-at="2025-12-26T13:37:59 IST" name="test" finished-at="2025-12-26T13:38:13 IST" duration-ms="14148" status="PASS">
          <reporter-output>
          </reporter-output>
        </test-method> <!-- test -->
        <test-method is-config="true" signature="tearDown(org.testng.ITestResult)[pri:0, instance:org.tests.LoginTest@7ee955a8]" started-at="2025-12-26T13:38:13 IST" name="tearDown" finished-at="2025-12-26T13:38:14 IST" duration-ms="692" status="PASS">
          <params>
            <param index="0">
              <value>
                <![CDATA[[TestResult name=test status=SUCCESS method=LoginTest.test()[pri:0, instance:org.tests.LoginTest@7ee955a8] output={null}]]]>
              </value>
            </param>
          </params>
          <reporter-output>
          </reporter-output>
        </test-method> <!-- tearDown -->
      </class> <!-- org.tests.LoginTest -->
    </test> <!-- Surefire test -->
  </suite> <!-- Surefire suite -->
</testng-results>
