<?xml version="1.0" encoding="UTF-8"?>
<testng-results ignored="0" total="3" passed="1" failed="1" skipped="1">
  <reporter-output>
  </reporter-output>
  <suite started-at="2025-12-25T20:00:52 IST" name="Default suite" finished-at="2025-12-25T20:02:02 IST" duration-ms="70629">
    <groups>
    </groups>
    <test started-at="2025-12-25T20:00:52 IST" name="Default test" finished-at="2025-12-25T20:02:02 IST" duration-ms="70629">
      <class name="org.tests.LoginTest2">
        <test-method is-config="true" signature="setUp(java.lang.reflect.Method)[pri:0, instance:org.tests.LoginTest2@59662a0b]" started-at="2025-12-25T20:00:52 IST" name="setUp" finished-at="2025-12-25T20:01:09 IST" duration-ms="17007" status="PASS">
          <params>
            <param index="0">
              <value>
                <![CDATA[public void org.tests.LoginTest2.loginPassTest()]]>
              </value>
            </param>
          </params>
          <reporter-output>
          </reporter-output>
        </test-method> <!-- setUp -->
        <test-method signature="loginPassTest()[pri:0, instance:org.tests.LoginTest2@59662a0b]" started-at="2025-12-25T20:01:09 IST" name="loginPassTest" finished-at="2025-12-25T20:01:19 IST" duration-ms="10005" status="PASS">
          <reporter-output>
          </reporter-output>
        </test-method> <!-- loginPassTest -->
        <test-method is-config="true" signature="tearDown(org.testng.ITestResult)[pri:0, instance:org.tests.LoginTest2@59662a0b]" started-at="2025-12-25T20:01:19 IST" name="tearDown" finished-at="2025-12-25T20:01:20 IST" duration-ms="978" status="PASS">
          <params>
            <param index="0">
              <value>
                <![CDATA[[TestResult name=loginPassTest status=SUCCESS method=LoginTest2.loginPassTest()[pri:0, instance:org.tests.LoginTest2@59662a0b] output={null}]]]>
              </value>
            </param>
          </params>
          <reporter-output>
          </reporter-output>
        </test-method> <!-- tearDown -->
        <test-method is-config="true" signature="setUp(java.lang.reflect.Method)[pri:0, instance:org.tests.LoginTest2@59662a0b]" started-at="2025-12-25T20:01:20 IST" name="setUp" finished-at="2025-12-25T20:01:22 IST" duration-ms="1752" status="PASS">
          <params>
            <param index="0">
              <value>
                <![CDATA[public void org.tests.LoginTest2.loginSkipTest()]]>
              </value>
            </param>
          </params>
          <reporter-output>
          </reporter-output>
        </test-method> <!-- setUp -->
        <test-method signature="loginSkipTest()[pri:0, instance:org.tests.LoginTest2@59662a0b]" started-at="2025-12-25T20:01:22 IST" name="loginSkipTest" finished-at="2025-12-25T20:01:22 IST" duration-ms="8" status="SKIP">
          <exception class="org.testng.SkipException">
            <message>
              <![CDATA[Skipping this test case]]>
            </message>
            <full-stacktrace>
              <![CDATA[org.testng.SkipException: Skipping this test case
at org.tests.LoginTest2.loginSkipTest(LoginTest2.java:43)
at java.base/jdk.internal.reflect.DirectMethodHandleAccessor.invoke(DirectMethodHandleAccessor.java:104)
at java.base/java.lang.reflect.Method.invoke(Method.java:578)
at org.testng.internal.invokers.MethodInvocationHelper.invokeMethod(MethodInvocationHelper.java:141)
at org.testng.internal.invokers.TestInvoker.invokeMethod(TestInvoker.java:687)
at org.testng.internal.invokers.TestInvoker.invokeTestMethod(TestInvoker.java:230)
at org.testng.internal.invokers.MethodRunner.runInSequence(MethodRunner.java:63)
at org.testng.internal.invokers.TestInvoker$MethodInvocationAgent.invoke(TestInvoker.java:995)
at org.testng.internal.invokers.TestInvoker.invokeTestMethods(TestInvoker.java:203)
at org.testng.internal.invokers.TestMethodWorker.invokeTestMethods(TestMethodWorker.java:154)
at org.testng.internal.invokers.TestMethodWorker.run(TestMethodWorker.java:134)
at java.base/java.util.ArrayList.forEach(ArrayList.java:1511)
at org.testng.TestRunner.privateRun(TestRunner.java:741)
at org.testng.TestRunner.run(TestRunner.java:616)
at org.testng.SuiteRunner.runTest(SuiteRunner.java:421)
at org.testng.SuiteRunner.runSequentially(SuiteRunner.java:413)
at org.testng.SuiteRunner.privateRun(SuiteRunner.java:373)
at org.testng.SuiteRunner.run(SuiteRunner.java:312)
at org.testng.SuiteRunnerWorker.runSuite(SuiteRunnerWorker.java:52)
at org.testng.SuiteRunnerWorker.run(SuiteRunnerWorker.java:95)
at org.testng.TestNG.runSuitesSequentially(TestNG.java:1274)
at org.testng.TestNG.runSuitesLocally(TestNG.java:1208)
at org.testng.TestNG.runSuites(TestNG.java:1112)
at org.testng.TestNG.run(TestNG.java:1079)
at org.testng.remote.AbstractRemoteTestNG.run(AbstractRemoteTestNG.java:115)
at org.testng.remote.RemoteTestNG.initAndRun(RemoteTestNG.java:293)
at org.testng.remote.RemoteTestNG.main(RemoteTestNG.java:91)
]]>
            </full-stacktrace>
          </exception> <!-- org.testng.SkipException -->
          <reporter-output>
          </reporter-output>
        </test-method> <!-- loginSkipTest -->
        <test-method is-config="true" signature="tearDown(org.testng.ITestResult)[pri:0, instance:org.tests.LoginTest2@59662a0b]" started-at="2025-12-25T20:01:22 IST" name="tearDown" finished-at="2025-12-25T20:01:22 IST" duration-ms="527" status="PASS">
          <params>
            <param index="0">
              <value>
                <![CDATA[[TestResult name=loginSkipTest status=SKIP method=LoginTest2.loginSkipTest()[pri:0, instance:org.tests.LoginTest2@59662a0b] output={null}]]]>
              </value>
            </param>
          </params>
          <reporter-output>
          </reporter-output>
        </test-method> <!-- tearDown -->
        <test-method is-config="true" signature="setUp(java.lang.reflect.Method)[pri:0, instance:org.tests.LoginTest2@59662a0b]" started-at="2025-12-25T20:01:22 IST" name="setUp" finished-at="2025-12-25T20:01:24 IST" duration-ms="1552" status="PASS">
          <params>
            <param index="0">
              <value>
                <![CDATA[public void org.tests.LoginTest2.loginFailTest()]]>
              </value>
            </param>
          </params>
          <reporter-output>
          </reporter-output>
        </test-method> <!-- setUp -->
        <test-method signature="loginFailTest()[pri:1, instance:org.tests.LoginTest2@59662a0b]" started-at="2025-12-25T20:01:24 IST" name="loginFailTest" finished-at="2025-12-25T20:02:02 IST" duration-ms="38103" status="FAIL">
          <exception class="com.microsoft.playwright.TimeoutError">
            <message>
              <![CDATA[Error {
  message='Timeout 30000ms exceeded.
  name='TimeoutError
  stack='TimeoutError: Timeout 30000ms exceeded.
    at ProgressController.run (C:\Users\ABHIJE~1\AppData\Local\Temp\playwright-java-17996491571934883182\package\lib\server\progress.js:68:28)
    at FrameDispatcher._runCommand (C:\Users\ABHIJE~1\AppData\Local\Temp\playwright-java-17996491571934883182\package\lib\server\dispatchers\dispatcher.js:95:31)
    at DispatcherConnection.dispatch (C:\Users\ABHIJE~1\AppData\Local\Temp\playwright-java-17996491571934883182\package\lib\server\dispatchers\dispatcher.js:329:39)
}
Call log:
-   - waiting for locator("//span[normalize-space()='Leave']")
]]>
            </message>
            <full-stacktrace>
              <![CDATA[com.microsoft.playwright.TimeoutError: Error {
  message='Timeout 30000ms exceeded.
  name='TimeoutError
  stack='TimeoutError: Timeout 30000ms exceeded.
    at ProgressController.run (C:\Users\ABHIJE~1\AppData\Local\Temp\playwright-java-17996491571934883182\package\lib\server\progress.js:68:28)
    at FrameDispatcher._runCommand (C:\Users\ABHIJE~1\AppData\Local\Temp\playwright-java-17996491571934883182\package\lib\server\dispatchers\dispatcher.js:95:31)
    at DispatcherConnection.dispatch (C:\Users\ABHIJE~1\AppData\Local\Temp\playwright-java-17996491571934883182\package\lib\server\dispatchers\dispatcher.js:329:39)
}
Call log:
-   - waiting for locator("//span[normalize-space()='Leave']")

at com.microsoft.playwright.impl.WaitableResult.get(WaitableResult.java:52)
at com.microsoft.playwright.impl.ChannelOwner.runUntil(ChannelOwner.java:138)
at com.microsoft.playwright.impl.Connection.sendMessage(Connection.java:131)
at com.microsoft.playwright.impl.ChannelOwner.sendMessage(ChannelOwner.java:124)
at com.microsoft.playwright.impl.FrameImpl.clickImpl(FrameImpl.java:241)
at com.microsoft.playwright.impl.PageImpl.click(PageImpl.java:692)
at com.microsoft.playwright.Page.click(Page.java:3931)
at org.pages.HomePage.clickLeaveLink(HomePage.java:19)
at org.tests.LoginTest2.loginFailTest(LoginTest2.java:37)
at java.base/jdk.internal.reflect.DirectMethodHandleAccessor.invoke(DirectMethodHandleAccessor.java:104)
at java.base/java.lang.reflect.Method.invoke(Method.java:578)
at org.testng.internal.invokers.MethodInvocationHelper.invokeMethod(MethodInvocationHelper.java:141)
at org.testng.internal.invokers.TestInvoker.invokeMethod(TestInvoker.java:687)
at org.testng.internal.invokers.TestInvoker.invokeTestMethod(TestInvoker.java:230)
at org.testng.internal.invokers.MethodRunner.runInSequence(MethodRunner.java:63)
at org.testng.internal.invokers.TestInvoker$MethodInvocationAgent.invoke(TestInvoker.java:995)
at org.testng.internal.invokers.TestInvoker.invokeTestMethods(TestInvoker.java:203)
at org.testng.internal.invokers.TestMethodWorker.invokeTestMethods(TestMethodWorker.java:154)
at org.testng.internal.invokers.TestMethodWorker.run(TestMethodWorker.java:134)
at java.base/java.util.ArrayList.forEach(ArrayList.java:1511)
at org.testng.TestRunner.privateRun(TestRunner.java:741)
at org.testng.TestRunner.run(TestRunner.java:616)
at org.testng.SuiteRunner.runTest(SuiteRunner.java:421)
at org.testng.SuiteRunner.runSequentially(SuiteRunner.java:413)
at org.testng.SuiteRunner.privateRun(SuiteRunner.java:373)
at org.testng.SuiteRunner.run(SuiteRunner.java:312)
at org.testng.SuiteRunnerWorker.runSuite(SuiteRunnerWorker.java:52)
at org.testng.SuiteRunnerWorker.run(SuiteRunnerWorker.java:95)
at org.testng.TestNG.runSuitesSequentially(TestNG.java:1274)
at org.testng.TestNG.runSuitesLocally(TestNG.java:1208)
at org.testng.TestNG.runSuites(TestNG.java:1112)
at org.testng.TestNG.run(TestNG.java:1079)
at org.testng.remote.AbstractRemoteTestNG.run(AbstractRemoteTestNG.java:115)
at org.testng.remote.RemoteTestNG.initAndRun(RemoteTestNG.java:293)
at org.testng.remote.RemoteTestNG.main(RemoteTestNG.java:91)
Caused by: com.microsoft.playwright.TimeoutError: Error {
  message='Timeout 30000ms exceeded.
  name='TimeoutError
  stack='TimeoutError: Timeout 30000ms exceeded.
    at ProgressController.run (C:\Users\ABHIJE~1\AppData\Local\Temp\playwright-java-17996491571934883182\package\lib\server\progress.js:68:28)
    at FrameDispatcher._runCommand (C:\Users\ABHIJE~1\AppData\Local\Temp\playwright-java-17996491571934883182\package\lib\server\dispatchers\dispatcher.js:95:31)
    at DispatcherConnection.dispatch (C:\Users\ABHIJE~1\AppData\Local\Temp\playwright-java-17996491571934883182\package\lib\server\dispatchers\dispatcher.js:329:39)
}
Call log:
-   - waiting for locator("//span[normalize-space()='Leave']")

at com.microsoft.playwright.impl.Connection.dispatch(Connection.java:257)
at com.microsoft.playwright.impl.Connection.processOneMessage(Connection.java:214)
at com.microsoft.playwright.impl.ChannelOwner.runUntil(ChannelOwner.java:136)
... 33 more
]]>
            </full-stacktrace>
          </exception> <!-- com.microsoft.playwright.TimeoutError -->
          <reporter-output>
          </reporter-output>
        </test-method> <!-- loginFailTest -->
        <test-method is-config="true" signature="tearDown(org.testng.ITestResult)[pri:0, instance:org.tests.LoginTest2@59662a0b]" started-at="2025-12-25T20:02:02 IST" name="tearDown" finished-at="2025-12-25T20:02:02 IST" duration-ms="639" status="PASS">
          <params>
            <param index="0">
              <value>
                <![CDATA[[TestResult name=loginFailTest status=FAILURE method=LoginTest2.loginFailTest()[pri:1, instance:org.tests.LoginTest2@59662a0b] output={null}]]]>
              </value>
            </param>
          </params>
          <reporter-output>
          </reporter-output>
        </test-method> <!-- tearDown -->
      </class> <!-- org.tests.LoginTest2 -->
    </test> <!-- Default test -->
  </suite> <!-- Default suite -->
</testng-results>
